<?xml version="1.0" encoding="UTF-8" standalone="yes"?><!DOCTYPE report PUBLIC "-//JACOCO//DTD Report 1.1//EN" "report.dtd"><report name="labo1"><sessioninfo id="MAQUINA-ec13f3c7" start="1755889876496" dump="1755889877217"/><sessioninfo id="MAQUINA-a1625df8" start="1755889945835" dump="1755889946449"/><sessioninfo id="MAQUINA-e1f3c2e9" start="1755889998777" dump="1755889999318"/><sessioninfo id="MAQUINA-cf3dffe2" start="1755890117731" dump="1755890118286"/><sessioninfo id="MAQUINA-c0685c7c" start="1755890130685" dump="1755890131231"/><sessioninfo id="MAQUINA-7b1d2beb" start="1755890138490" dump="1755890139033"/><sessioninfo id="MAQUINA-bb667328" start="1755891138791" dump="1755891139405"/><sessioninfo id="MAQUINA-56a15c5" start="1755891235751" dump="1755891236345"/><sessioninfo id="MAQUINA-f378eab9" start="1755891405677" dump="1755891406246"/><sessioninfo id="MAQUINA-859a29df" start="1755891543626" dump="1755891545085"/><sessioninfo id="MAQUINA-bc98765b" start="1755891610123" dump="1755891610827"/><sessioninfo id="MAQUINA-8f55568c" start="1755891700799" dump="1755891701376"/><sessioninfo id="MAQUINA-804ef7c6" start="1755891715563" dump="1755891716123"/><sessioninfo id="MAQUINA-28a06ee2" start="1755891788774" dump="1755891789344"/><sessioninfo id="MAQUINA-a0082d84" start="1755891824655" dump="1755891825230"/><sessioninfo id="MAQUINA-c1d7d4e8" start="1755893183546" dump="1755893184326"/><sessioninfo id="MAQUINA-2c379082" start="1755893211238" dump="1755893211815"/><sessioninfo id="MAQUINA-ed74178e" start="1755893221594" dump="1755893222209"/><sessioninfo id="MAQUINA-13be3754" start="1755893267647" dump="1755893268385"/><sessioninfo id="MAQUINA-2ae423e6" start="1755893489411" dump="1755893490017"/><sessioninfo id="MAQUINA-9969d5b8" start="1755893716698" dump="1755893717436"/><sessioninfo id="MAQUINA-6324da95" start="1755893762485" dump="1755893763086"/><sessioninfo id="MAQUINA-311000b2" start="1755893856507" dump="1755893857079"/><package name="aed"><class name="aed/Funciones" sourcefilename="Funciones.java"><method name="&lt;init&gt;" desc="()V" line="3"><counter type="INSTRUCTION" missed="0" covered="3"/><counter type="LINE" missed="0" covered="1"/><counter type="COMPLEXITY" missed="0" covered="1"/><counter type="METHOD" missed="0" covered="1"/></method><method name="cuadrado" desc="(I)I" line="8"><counter type="INSTRUCTION" missed="0" covered="4"/><counter type="LINE" missed="0" covered="1"/><counter type="COMPLEXITY" missed="0" covered="1"/><counter type="METHOD" missed="0" covered="1"/></method><method name="distancia" desc="(DD)D" line="12"><counter type="INSTRUCTION" missed="0" covered="9"/><counter type="LINE" missed="0" covered="1"/><counter type="COMPLEXITY" missed="0" covered="1"/><counter type="METHOD" missed="0" covered="1"/></method><method name="esPar" desc="(I)Z" line="16"><counter type="INSTRUCTION" missed="0" covered="8"/><counter type="BRANCH" missed="0" covered="2"/><counter type="LINE" missed="0" covered="1"/><counter type="COMPLEXITY" missed="0" covered="2"/><counter type="METHOD" missed="0" covered="1"/></method><method name="esBisiesto" desc="(I)Z" line="20"><counter type="INSTRUCTION" missed="0" covered="16"/><counter type="BRANCH" missed="0" covered="6"/><counter type="LINE" missed="0" covered="1"/><counter type="COMPLEXITY" missed="0" covered="4"/><counter type="METHOD" missed="0" covered="1"/></method><method name="factorialIterativo" desc="(I)I" line="24"><counter type="INSTRUCTION" missed="0" covered="15"/><counter type="BRANCH" missed="0" covered="2"/><counter type="LINE" missed="0" covered="4"/><counter type="COMPLEXITY" missed="0" covered="2"/><counter type="METHOD" missed="0" covered="1"/></method><method name="factorialRecursivo" desc="(I)I" line="32"><counter type="INSTRUCTION" missed="0" covered="23"/><counter type="BRANCH" missed="0" covered="6"/><counter type="LINE" missed="0" covered="3"/><counter type="COMPLEXITY" missed="0" covered="4"/><counter type="METHOD" missed="0" covered="1"/></method><method name="esPrimo" desc="(I)Z" line="40"><counter type="INSTRUCTION" missed="0" covered="30"/><counter type="BRANCH" missed="0" covered="10"/><counter type="LINE" missed="0" covered="6"/><counter type="COMPLEXITY" missed="0" covered="6"/><counter type="METHOD" missed="0" covered="1"/></method><method name="sumatoria" desc="([I)I" line="53"><counter type="INSTRUCTION" missed="0" covered="18"/><counter type="BRANCH" missed="0" covered="2"/><counter type="LINE" missed="0" covered="4"/><counter type="COMPLEXITY" missed="0" covered="2"/><counter type="METHOD" missed="0" covered="1"/></method><method name="busqueda" desc="([II)I" line="61"><counter type="INSTRUCTION" missed="2" covered="15"/><counter type="BRANCH" missed="1" covered="3"/><counter type="LINE" missed="1" covered="3"/><counter type="COMPLEXITY" missed="1" covered="2"/><counter type="METHOD" missed="0" covered="1"/></method><method name="tienePrimo" desc="([I)Z" line="70"><counter type="INSTRUCTION" missed="0" covered="18"/><counter type="BRANCH" missed="0" covered="4"/><counter type="LINE" missed="0" covered="4"/><counter type="COMPLEXITY" missed="0" covered="3"/><counter type="METHOD" missed="0" covered="1"/></method><method name="todosPares" desc="([I)Z" line="79"><counter type="INSTRUCTION" missed="0" covered="18"/><counter type="BRANCH" missed="0" covered="4"/><counter type="LINE" missed="0" covered="4"/><counter type="COMPLEXITY" missed="0" covered="3"/><counter type="METHOD" missed="0" covered="1"/></method><method name="esPrefijo" desc="(Ljava/lang/String;Ljava/lang/String;)Z" line="88"><counter type="INSTRUCTION" missed="0" covered="26"/><counter type="BRANCH" missed="0" covered="6"/><counter type="LINE" missed="0" covered="6"/><counter type="COMPLEXITY" missed="0" covered="4"/><counter type="METHOD" missed="0" covered="1"/></method><method name="esSufijo" desc="(Ljava/lang/String;Ljava/lang/String;)Z" line="100"><counter type="INSTRUCTION" missed="0" covered="32"/><counter type="BRANCH" missed="0" covered="6"/><counter type="LINE" missed="0" covered="6"/><counter type="COMPLEXITY" missed="0" covered="4"/><counter type="METHOD" missed="0" covered="1"/></method><method name="xor" desc="(ZZ)Z" line="114"><counter type="INSTRUCTION" missed="12" covered="0"/><counter type="BRANCH" missed="8" covered="0"/><counter type="LINE" missed="1" covered="0"/><counter type="COMPLEXITY" missed="5" covered="0"/><counter type="METHOD" missed="1" covered="0"/></method><method name="iguales" desc="([I[I)Z" line="118"><counter type="INSTRUCTION" missed="21" covered="0"/><counter type="BRANCH" missed="4" covered="0"/><counter type="LINE" missed="5" covered="0"/><counter type="COMPLEXITY" missed="3" covered="0"/><counter type="METHOD" missed="1" covered="0"/></method><method name="ordenado" desc="([I)Z" line="129"><counter type="INSTRUCTION" missed="23" covered="0"/><counter type="BRANCH" missed="4" covered="0"/><counter type="LINE" missed="5" covered="0"/><counter type="COMPLEXITY" missed="3" covered="0"/><counter type="METHOD" missed="1" covered="0"/></method><method name="maximo" desc="([I)I" line="139"><counter type="INSTRUCTION" missed="19" covered="0"/><counter type="BRANCH" missed="4" covered="0"/><counter type="LINE" missed="4" covered="0"/><counter type="COMPLEXITY" missed="3" covered="0"/><counter type="METHOD" missed="1" covered="0"/></method><method name="todosPositivos" desc="([I)Z" line="147"><counter type="INSTRUCTION" missed="27" covered="0"/><counter type="BRANCH" missed="4" covered="0"/><counter type="LINE" missed="6" covered="0"/><counter type="COMPLEXITY" missed="3" covered="0"/><counter type="METHOD" missed="1" covered="0"/></method><counter type="INSTRUCTION" missed="104" covered="235"/><counter type="BRANCH" missed="25" covered="51"/><counter type="LINE" missed="22" covered="45"/><counter type="COMPLEXITY" missed="18" covered="39"/><counter type="METHOD" missed="5" covered="14"/><counter type="CLASS" missed="0" covered="1"/></class><sourcefile name="Funciones.java"><line nr="3" mi="0" ci="3" mb="0" cb="0"/><line nr="8" mi="0" ci="4" mb="0" cb="0"/><line nr="12" mi="0" ci="9" mb="0" cb="0"/><line nr="16" mi="0" ci="8" mb="0" cb="2"/><line nr="20" mi="0" ci="16" mb="0" cb="6"/><line nr="24" mi="0" ci="2" mb="0" cb="0"/><line nr="25" mi="0" ci="7" mb="0" cb="2"/><line nr="26" mi="0" ci="4" mb="0" cb="0"/><line nr="28" mi="0" ci="2" mb="0" cb="0"/><line nr="32" mi="0" ci="13" mb="0" cb="6"/><line nr="33" mi="0" ci="2" mb="0" cb="0"/><line nr="35" mi="0" ci="8" mb="0" cb="0"/><line nr="40" mi="0" ci="13" mb="0" cb="6"/><line nr="41" mi="0" ci="2" mb="0" cb="0"/><line nr="44" mi="0" ci="7" mb="0" cb="2"/><line nr="45" mi="0" ci="4" mb="0" cb="2"/><line nr="46" mi="0" ci="2" mb="0" cb="0"/><line nr="49" mi="0" ci="2" mb="0" cb="0"/><line nr="53" mi="0" ci="2" mb="0" cb="0"/><line nr="54" mi="0" ci="8" mb="0" cb="2"/><line nr="55" mi="0" ci="6" mb="0" cb="0"/><line nr="57" mi="0" ci="2" mb="0" cb="0"/><line nr="61" mi="0" ci="8" mb="1" cb="1"/><line nr="62" mi="0" ci="5" mb="0" cb="2"/><line nr="63" mi="0" ci="2" mb="0" cb="0"/><line nr="66" mi="2" ci="0" mb="0" cb="0"/><line nr="70" mi="0" ci="8" mb="0" cb="2"/><line nr="71" mi="0" ci="6" mb="0" cb="2"/><line nr="72" mi="0" ci="2" mb="0" cb="0"/><line nr="75" mi="0" ci="2" mb="0" cb="0"/><line nr="79" mi="0" ci="8" mb="0" cb="2"/><line nr="80" mi="0" ci="6" mb="0" cb="2"/><line nr="81" mi="0" ci="2" mb="0" cb="0"/><line nr="84" mi="0" ci="2" mb="0" cb="0"/><line nr="88" mi="0" ci="5" mb="0" cb="2"/><line nr="89" mi="0" ci="2" mb="0" cb="0"/><line nr="91" mi="0" ci="8" mb="0" cb="2"/><line nr="92" mi="0" ci="7" mb="0" cb="2"/><line nr="93" mi="0" ci="2" mb="0" cb="0"/><line nr="96" mi="0" ci="2" mb="0" cb="0"/><line nr="100" mi="0" ci="5" mb="0" cb="2"/><line nr="101" mi="0" ci="2" mb="0" cb="0"/><line nr="103" mi="0" ci="8" mb="0" cb="2"/><line nr="104" mi="0" ci="13" mb="0" cb="2"/><line nr="105" mi="0" ci="2" mb="0" cb="0"/><line nr="108" mi="0" ci="2" mb="0" cb="0"/><line nr="114" mi="12" ci="0" mb="8" cb="0"/><line nr="118" mi="2" ci="0" mb="0" cb="0"/><line nr="120" mi="8" ci="0" mb="2" cb="0"/><line nr="121" mi="7" ci="0" mb="2" cb="0"/><line nr="122" mi="2" ci="0" mb="0" cb="0"/><line nr="125" mi="2" ci="0" mb="0" cb="0"/><line nr="129" mi="2" ci="0" mb="0" cb="0"/><line nr="130" mi="8" ci="0" mb="2" cb="0"/><line nr="131" mi="9" ci="0" mb="2" cb="0"/><line nr="132" mi="2" ci="0" mb="0" cb="0"/><line nr="135" mi="2" ci="0" mb="0" cb="0"/><line nr="139" mi="2" ci="0" mb="0" cb="0"/><line nr="140" mi="8" ci="0" mb="2" cb="0"/><line nr="141" mi="7" ci="0" mb="2" cb="0"/><line nr="143" mi="2" ci="0" mb="0" cb="0"/><line nr="147" mi="2" ci="0" mb="0" cb="0"/><line nr="148" mi="16" ci="0" mb="2" cb="0"/><line nr="149" mi="2" ci="0" mb="2" cb="0"/><line nr="150" mi="3" ci="0" mb="0" cb="0"/><line nr="152" mi="2" ci="0" mb="0" cb="0"/><line nr="155" mi="2" ci="0" mb="0" cb="0"/><counter type="INSTRUCTION" missed="104" covered="235"/><counter type="BRANCH" missed="25" covered="51"/><counter type="LINE" missed="22" covered="45"/><counter type="COMPLEXITY" missed="18" covered="39"/><counter type="METHOD" missed="5" covered="14"/><counter type="CLASS" missed="0" covered="1"/></sourcefile><counter type="INSTRUCTION" missed="104" covered="235"/><counter type="BRANCH" missed="25" covered="51"/><counter type="LINE" missed="22" covered="45"/><counter type="COMPLEXITY" missed="18" covered="39"/><counter type="METHOD" missed="5" covered="14"/><counter type="CLASS" missed="0" covered="1"/></package><counter type="INSTRUCTION" missed="104" covered="235"/><counter type="BRANCH" missed="25" covered="51"/><counter type="LINE" missed="22" covered="45"/><counter type="COMPLEXITY" missed="18" covered="39"/><counter type="METHOD" missed="5" covered="14"/><counter type="CLASS" missed="0" covered="1"/></report>