<?xml version="1.0" encoding="UTF-8" standalone="yes"?><!DOCTYPE report PUBLIC "-//JACOCO//DTD Report 1.1//EN" "report.dtd"><report name="labo2"><sessioninfo id="MAQUINA-abc9bd2d" start="1756995030447" dump="1756995031238"/><sessioninfo id="MAQUINA-c5e9a717" start="1756995085544" dump="1756995086239"/><sessioninfo id="MAQUINA-27764fdc" start="1756995103860" dump="1756995104658"/><sessioninfo id="MAQUINA-3ef3b376" start="1756995164643" dump="1756995165315"/><sessioninfo id="MAQUINA-b5e010aa" start="1756995287922" dump="1756995288589"/><sessioninfo id="MAQUINA-de78811b" start="1756995337508" dump="1756995338205"/><sessioninfo id="MAQUINA-833b8e27" start="1756995407485" dump="1756995408180"/><sessioninfo id="MAQUINA-fcc17e04" start="1756995742677" dump="1756995743308"/><sessioninfo id="MAQUINA-328036cb" start="1756996111758" dump="1756996115740"/><sessioninfo id="MAQUINA-94616656" start="1756997906926" dump="1756997907638"/><sessioninfo id="MAQUINA-38e112b7" start="1756998639208" dump="1756998639857"/><sessioninfo id="MAQUINA-592ab1af" start="1758045243881" dump="1758045244647"/><sessioninfo id="MAQUINA-d20c6fbe" start="1758045298599" dump="1758045299272"/><sessioninfo id="MAQUINA-fc1ebed6" start="1758045364736" dump="1758045365411"/><sessioninfo id="MAQUINA-71267ccd" start="1758045603748" dump="1758045604531"/><sessioninfo id="MAQUINA-ddc545c0" start="1758045801846" dump="1758045802519"/><sessioninfo id="MAQUINA-30ad36e" start="1758045941956" dump="1758045943412"/><sessioninfo id="MAQUINA-5750cad4" start="1758046110911" dump="1758046111645"/><package name="aed"><class name="aed/Recordatorio" sourcefilename="Recordatorio.java"><method name="&lt;init&gt;" desc="(Ljava/lang/String;Laed/Fecha;Laed/Horario;)V" line="8"><counter type="INSTRUCTION" missed="0" covered="24"/><counter type="LINE" missed="0" covered="5"/><counter type="COMPLEXITY" missed="0" covered="1"/><counter type="METHOD" missed="0" covered="1"/></method><method name="horario" desc="()Laed/Horario;" line="15"><counter type="INSTRUCTION" missed="0" covered="10"/><counter type="LINE" missed="0" covered="1"/><counter type="COMPLEXITY" missed="0" covered="1"/><counter type="METHOD" missed="0" covered="1"/></method><method name="fecha" desc="()Laed/Fecha;" line="19"><counter type="INSTRUCTION" missed="0" covered="6"/><counter type="LINE" missed="0" covered="1"/><counter type="COMPLEXITY" missed="0" covered="1"/><counter type="METHOD" missed="0" covered="1"/></method><method name="mensaje" desc="()Ljava/lang/String;" line="23"><counter type="INSTRUCTION" missed="0" covered="6"/><counter type="LINE" missed="0" covered="1"/><counter type="COMPLEXITY" missed="0" covered="1"/><counter type="METHOD" missed="0" covered="1"/></method><method name="toString" desc="()Ljava/lang/String;" line="28"><counter type="INSTRUCTION" missed="0" covered="20"/><counter type="LINE" missed="0" covered="1"/><counter type="COMPLEXITY" missed="0" covered="1"/><counter type="METHOD" missed="0" covered="1"/></method><method name="equals" desc="(Ljava/lang/Object;)Z" line="33"><counter type="INSTRUCTION" missed="3" covered="27"/><counter type="BRANCH" missed="4" covered="4"/><counter type="LINE" missed="1" covered="3"/><counter type="COMPLEXITY" missed="4" covered="1"/><counter type="METHOD" missed="0" covered="1"/></method><counter type="INSTRUCTION" missed="3" covered="93"/><counter type="BRANCH" missed="4" covered="4"/><counter type="LINE" missed="1" covered="12"/><counter type="COMPLEXITY" missed="4" covered="6"/><counter type="METHOD" missed="0" covered="6"/><counter type="CLASS" missed="0" covered="1"/></class><class name="aed/Horario" sourcefilename="Horario.java"><method name="&lt;init&gt;" desc="(II)V" line="7"><counter type="INSTRUCTION" missed="0" covered="9"/><counter type="LINE" missed="0" covered="4"/><counter type="COMPLEXITY" missed="0" covered="1"/><counter type="METHOD" missed="0" covered="1"/></method><method name="hora" desc="()I" line="13"><counter type="INSTRUCTION" missed="0" covered="3"/><counter type="LINE" missed="0" covered="1"/><counter type="COMPLEXITY" missed="0" covered="1"/><counter type="METHOD" missed="0" covered="1"/></method><method name="minutos" desc="()I" line="17"><counter type="INSTRUCTION" missed="0" covered="3"/><counter type="LINE" missed="0" covered="1"/><counter type="COMPLEXITY" missed="0" covered="1"/><counter type="METHOD" missed="0" covered="1"/></method><method name="toString" desc="()Ljava/lang/String;" line="22"><counter type="INSTRUCTION" missed="0" covered="13"/><counter type="LINE" missed="0" covered="1"/><counter type="COMPLEXITY" missed="0" covered="1"/><counter type="METHOD" missed="0" covered="1"/></method><method name="equals" desc="(Ljava/lang/Object;)Z" line="27"><counter type="INSTRUCTION" missed="0" covered="27"/><counter type="BRANCH" missed="0" covered="8"/><counter type="LINE" missed="0" covered="5"/><counter type="COMPLEXITY" missed="0" covered="5"/><counter type="METHOD" missed="0" covered="1"/></method><counter type="INSTRUCTION" missed="0" covered="55"/><counter type="BRANCH" missed="0" covered="8"/><counter type="LINE" missed="0" covered="12"/><counter type="COMPLEXITY" missed="0" covered="9"/><counter type="METHOD" missed="0" covered="5"/><counter type="CLASS" missed="0" covered="1"/></class><class name="aed/ArregloRedimensionableDeRecordatorios" sourcefilename="ArregloRedimensionableDeRecordatorios.java"><method name="&lt;init&gt;" desc="()V" line="6"><counter type="INSTRUCTION" missed="0" covered="7"/><counter type="LINE" missed="0" covered="3"/><counter type="COMPLEXITY" missed="0" covered="1"/><counter type="METHOD" missed="0" covered="1"/></method><method name="longitud" desc="()I" line="11"><counter type="INSTRUCTION" missed="0" covered="22"/><counter type="BRANCH" missed="0" covered="2"/><counter type="LINE" missed="0" covered="4"/><counter type="COMPLEXITY" missed="0" covered="2"/><counter type="METHOD" missed="0" covered="1"/></method><method name="agregarAtras" desc="(Laed/Recordatorio;)V" line="19"><counter type="INSTRUCTION" missed="0" covered="36"/><counter type="BRANCH" missed="0" covered="4"/><counter type="LINE" missed="0" covered="8"/><counter type="COMPLEXITY" missed="0" covered="3"/><counter type="METHOD" missed="0" covered="1"/></method><method name="obtener" desc="(I)Laed/Recordatorio;" line="34"><counter type="INSTRUCTION" missed="0" covered="5"/><counter type="LINE" missed="0" covered="1"/><counter type="COMPLEXITY" missed="0" covered="1"/><counter type="METHOD" missed="0" covered="1"/></method><method name="quitarAtras" desc="()V" line="38"><counter type="INSTRUCTION" missed="0" covered="26"/><counter type="BRANCH" missed="0" covered="2"/><counter type="LINE" missed="0" covered="6"/><counter type="COMPLEXITY" missed="0" covered="2"/><counter type="METHOD" missed="0" covered="1"/></method><method name="modificarPosicion" desc="(ILaed/Recordatorio;)V" line="49"><counter type="INSTRUCTION" missed="0" covered="6"/><counter type="LINE" missed="0" covered="2"/><counter type="COMPLEXITY" missed="0" covered="1"/><counter type="METHOD" missed="0" covered="1"/></method><method name="&lt;init&gt;" desc="(Laed/ArregloRedimensionableDeRecordatorios;)V" line="52"><counter type="INSTRUCTION" missed="0" covered="24"/><counter type="BRANCH" missed="0" covered="2"/><counter type="LINE" missed="0" covered="5"/><counter type="COMPLEXITY" missed="0" covered="2"/><counter type="METHOD" missed="0" covered="1"/></method><method name="copiar" desc="()Laed/ArregloRedimensionableDeRecordatorios;" line="61"><counter type="INSTRUCTION" missed="0" covered="5"/><counter type="LINE" missed="0" covered="1"/><counter type="COMPLEXITY" missed="0" covered="1"/><counter type="METHOD" missed="0" covered="1"/></method><counter type="INSTRUCTION" missed="0" covered="131"/><counter type="BRANCH" missed="0" covered="10"/><counter type="LINE" missed="0" covered="30"/><counter type="COMPLEXITY" missed="0" covered="13"/><counter type="METHOD" missed="0" covered="8"/><counter type="CLASS" missed="0" covered="1"/></class><class name="aed/Agenda" sourcefilename="Agenda.java"><method name="&lt;init&gt;" desc="(Laed/Fecha;)V" line="7"><counter type="INSTRUCTION" missed="0" covered="14"/><counter type="LINE" missed="0" covered="4"/><counter type="COMPLEXITY" missed="0" covered="1"/><counter type="METHOD" missed="0" covered="1"/></method><method name="agregarRecordatorio" desc="(Laed/Recordatorio;)V" line="13"><counter type="INSTRUCTION" missed="0" covered="5"/><counter type="LINE" missed="0" covered="2"/><counter type="COMPLEXITY" missed="0" covered="1"/><counter type="METHOD" missed="0" covered="1"/></method><method name="toString" desc="()Ljava/lang/String;" line="18"><counter type="INSTRUCTION" missed="0" covered="54"/><counter type="BRANCH" missed="0" covered="4"/><counter type="LINE" missed="0" covered="7"/><counter type="COMPLEXITY" missed="0" covered="3"/><counter type="METHOD" missed="0" covered="1"/></method><method name="incrementarDia" desc="()V" line="30"><counter type="INSTRUCTION" missed="0" covered="4"/><counter type="LINE" missed="0" covered="2"/><counter type="COMPLEXITY" missed="0" covered="1"/><counter type="METHOD" missed="0" covered="1"/></method><method name="fechaActual" desc="()Laed/Fecha;" line="34"><counter type="INSTRUCTION" missed="0" covered="3"/><counter type="LINE" missed="0" covered="1"/><counter type="COMPLEXITY" missed="0" covered="1"/><counter type="METHOD" missed="0" covered="1"/></method><counter type="INSTRUCTION" missed="0" covered="80"/><counter type="BRANCH" missed="0" covered="4"/><counter type="LINE" missed="0" covered="16"/><counter type="COMPLEXITY" missed="0" covered="7"/><counter type="METHOD" missed="0" covered="5"/><counter type="CLASS" missed="0" covered="1"/></class><class name="aed/Fecha" sourcefilename="Fecha.java"><method name="&lt;init&gt;" desc="(II)V" line="7"><counter type="INSTRUCTION" missed="0" covered="9"/><counter type="LINE" missed="0" covered="4"/><counter type="COMPLEXITY" missed="0" covered="1"/><counter type="METHOD" missed="0" covered="1"/></method><method name="&lt;init&gt;" desc="(Laed/Fecha;)V" line="12"><counter type="INSTRUCTION" missed="0" covered="13"/><counter type="LINE" missed="0" covered="4"/><counter type="COMPLEXITY" missed="0" covered="1"/><counter type="METHOD" missed="0" covered="1"/></method><method name="dia" desc="()Ljava/lang/Integer;" line="18"><counter type="INSTRUCTION" missed="0" covered="4"/><counter type="LINE" missed="0" covered="1"/><counter type="COMPLEXITY" missed="0" covered="1"/><counter type="METHOD" missed="0" covered="1"/></method><method name="mes" desc="()Ljava/lang/Integer;" line="22"><counter type="INSTRUCTION" missed="0" covered="4"/><counter type="LINE" missed="0" covered="1"/><counter type="COMPLEXITY" missed="0" covered="1"/><counter type="METHOD" missed="0" covered="1"/></method><method name="toString" desc="()Ljava/lang/String;" line="26"><counter type="INSTRUCTION" missed="0" covered="13"/><counter type="LINE" missed="0" covered="1"/><counter type="COMPLEXITY" missed="0" covered="1"/><counter type="METHOD" missed="0" covered="1"/></method><method name="equals" desc="(Ljava/lang/Object;)Z" line="31"><counter type="INSTRUCTION" missed="0" covered="27"/><counter type="BRANCH" missed="0" covered="8"/><counter type="LINE" missed="0" covered="5"/><counter type="COMPLEXITY" missed="0" covered="5"/><counter type="METHOD" missed="0" covered="1"/></method><method name="incrementarDia" desc="()V" line="40"><counter type="INSTRUCTION" missed="0" covered="32"/><counter type="BRANCH" missed="0" covered="4"/><counter type="LINE" missed="0" covered="7"/><counter type="COMPLEXITY" missed="0" covered="3"/><counter type="METHOD" missed="0" covered="1"/></method><method name="diasEnMes" desc="(I)I" line="54"><counter type="INSTRUCTION" missed="0" covered="57"/><counter type="LINE" missed="0" covered="2"/><counter type="COMPLEXITY" missed="0" covered="1"/><counter type="METHOD" missed="0" covered="1"/></method><counter type="INSTRUCTION" missed="0" covered="159"/><counter type="BRANCH" missed="0" covered="12"/><counter type="LINE" missed="0" covered="25"/><counter type="COMPLEXITY" missed="0" covered="14"/><counter type="METHOD" missed="0" covered="8"/><counter type="CLASS" missed="0" covered="1"/></class><sourcefile name="ArregloRedimensionableDeRecordatorios.java"><line nr="6" mi="0" ci="2" mb="0" cb="0"/><line nr="7" mi="0" ci="4" mb="0" cb="0"/><line nr="8" mi="0" ci="1" mb="0" cb="0"/><line nr="11" mi="0" ci="2" mb="0" cb="0"/><line nr="12" mi="0" ci="17" mb="0" cb="2"/><line nr="13" mi="0" ci="1" mb="0" cb="0"/><line nr="15" mi="0" ci="2" mb="0" cb="0"/><line nr="19" mi="0" ci="5" mb="0" cb="0"/><line nr="20" mi="0" ci="3" mb="0" cb="0"/><line nr="22" mi="0" ci="7" mb="0" cb="2"/><line nr="23" mi="0" ci="5" mb="0" cb="2"/><line nr="24" mi="0" ci="5" mb="0" cb="0"/><line nr="26" mi="0" ci="7" mb="0" cb="0"/><line nr="30" mi="0" ci="3" mb="0" cb="0"/><line nr="31" mi="0" ci="1" mb="0" cb="0"/><line nr="34" mi="0" ci="5" mb="0" cb="0"/><line nr="38" mi="0" ci="5" mb="0" cb="0"/><line nr="39" mi="0" ci="3" mb="0" cb="0"/><line nr="41" mi="0" ci="7" mb="0" cb="2"/><line nr="42" mi="0" ci="7" mb="0" cb="0"/><line nr="45" mi="0" ci="3" mb="0" cb="0"/><line nr="46" mi="0" ci="1" mb="0" cb="0"/><line nr="49" mi="0" ci="5" mb="0" cb="0"/><line nr="50" mi="0" ci="1" mb="0" cb="0"/><line nr="52" mi="0" ci="2" mb="0" cb="0"/><line nr="53" mi="0" ci="5" mb="0" cb="0"/><line nr="55" mi="0" ci="8" mb="0" cb="2"/><line nr="56" mi="0" ci="8" mb="0" cb="0"/><line nr="58" mi="0" ci="1" mb="0" cb="0"/><line nr="61" mi="0" ci="5" mb="0" cb="0"/><counter type="INSTRUCTION" missed="0" covered="131"/><counter type="BRANCH" missed="0" covered="10"/><counter type="LINE" missed="0" covered="30"/><counter type="COMPLEXITY" missed="0" covered="13"/><counter type="METHOD" missed="0" covered="8"/><counter type="CLASS" missed="0" covered="1"/></sourcefile><sourcefile name="Recordatorio.java"><line nr="8" mi="0" ci="2" mb="0" cb="0"/><line nr="9" mi="0" ci="6" mb="0" cb="0"/><line nr="10" mi="0" ci="6" mb="0" cb="0"/><line nr="11" mi="0" ci="9" mb="0" cb="0"/><line nr="12" mi="0" ci="1" mb="0" cb="0"/><line nr="15" mi="0" ci="10" mb="0" cb="0"/><line nr="19" mi="0" ci="6" mb="0" cb="0"/><line nr="23" mi="0" ci="6" mb="0" cb="0"/><line nr="28" mi="0" ci="20" mb="0" cb="0"/><line nr="33" mi="0" ci="3" mb="1" cb="1"/><line nr="34" mi="2" ci="0" mb="0" cb="0"/><line nr="36" mi="0" ci="3" mb="0" cb="0"/><line nr="37" mi="1" ci="21" mb="3" cb="3"/><counter type="INSTRUCTION" missed="3" covered="93"/><counter type="BRANCH" missed="4" covered="4"/><counter type="LINE" missed="1" covered="12"/><counter type="COMPLEXITY" missed="4" covered="6"/><counter type="METHOD" missed="0" covered="6"/><counter type="CLASS" missed="0" covered="1"/></sourcefile><sourcefile name="Agenda.java"><line nr="7" mi="0" ci="2" mb="0" cb="0"/><line nr="8" mi="0" ci="6" mb="0" cb="0"/><line nr="9" mi="0" ci="5" mb="0" cb="0"/><line nr="10" mi="0" ci="1" mb="0" cb="0"/><line nr="13" mi="0" ci="4" mb="0" cb="0"/><line nr="14" mi="0" ci="1" mb="0" cb="0"/><line nr="18" mi="0" ci="11" mb="0" cb="0"/><line nr="19" mi="0" ci="9" mb="0" cb="0"/><line nr="20" mi="0" ci="9" mb="0" cb="2"/><line nr="21" mi="0" ci="5" mb="0" cb="0"/><line nr="22" mi="0" ci="6" mb="0" cb="2"/><line nr="23" mi="0" ci="12" mb="0" cb="0"/><line nr="26" mi="0" ci="2" mb="0" cb="0"/><line nr="30" mi="0" ci="3" mb="0" cb="0"/><line nr="31" mi="0" ci="1" mb="0" cb="0"/><line nr="34" mi="0" ci="3" mb="0" cb="0"/><counter type="INSTRUCTION" missed="0" covered="80"/><counter type="BRANCH" missed="0" covered="4"/><counter type="LINE" missed="0" covered="16"/><counter type="COMPLEXITY" missed="0" covered="7"/><counter type="METHOD" missed="0" covered="5"/><counter type="CLASS" missed="0" covered="1"/></sourcefile><sourcefile name="Horario.java"><line nr="7" mi="0" ci="2" mb="0" cb="0"/><line nr="8" mi="0" ci="3" mb="0" cb="0"/><line nr="9" mi="0" ci="3" mb="0" cb="0"/><line nr="10" mi="0" ci="1" mb="0" cb="0"/><line nr="13" mi="0" ci="3" mb="0" cb="0"/><line nr="17" mi="0" ci="3" mb="0" cb="0"/><line nr="22" mi="0" ci="13" mb="0" cb="0"/><line nr="27" mi="0" ci="3" mb="0" cb="2"/><line nr="28" mi="0" ci="2" mb="0" cb="0"/><line nr="30" mi="0" ci="5" mb="0" cb="2"/><line nr="31" mi="0" ci="3" mb="0" cb="0"/><line nr="32" mi="0" ci="14" mb="0" cb="4"/><counter type="INSTRUCTION" missed="0" covered="55"/><counter type="BRANCH" missed="0" covered="8"/><counter type="LINE" missed="0" covered="12"/><counter type="COMPLEXITY" missed="0" covered="9"/><counter type="METHOD" missed="0" covered="5"/><counter type="CLASS" missed="0" covered="1"/></sourcefile><sourcefile name="Fecha.java"><line nr="7" mi="0" ci="2" mb="0" cb="0"/><line nr="8" mi="0" ci="3" mb="0" cb="0"/><line nr="9" mi="0" ci="3" mb="0" cb="0"/><line nr="10" mi="0" ci="1" mb="0" cb="0"/><line nr="12" mi="0" ci="2" mb="0" cb="0"/><line nr="13" mi="0" ci="5" mb="0" cb="0"/><line nr="14" mi="0" ci="5" mb="0" cb="0"/><line nr="15" mi="0" ci="1" mb="0" cb="0"/><line nr="18" mi="0" ci="4" mb="0" cb="0"/><line nr="22" mi="0" ci="4" mb="0" cb="0"/><line nr="26" mi="0" ci="13" mb="0" cb="0"/><line nr="31" mi="0" ci="3" mb="0" cb="2"/><line nr="32" mi="0" ci="2" mb="0" cb="0"/><line nr="34" mi="0" ci="5" mb="0" cb="2"/><line nr="35" mi="0" ci="3" mb="0" cb="0"/><line nr="36" mi="0" ci="14" mb="0" cb="4"/><line nr="40" mi="0" ci="7" mb="0" cb="2"/><line nr="41" mi="0" ci="7" mb="0" cb="0"/><line nr="43" mi="0" ci="3" mb="0" cb="0"/><line nr="44" mi="0" ci="4" mb="0" cb="2"/><line nr="45" mi="0" ci="7" mb="0" cb="0"/><line nr="47" mi="0" ci="3" mb="0" cb="0"/><line nr="51" mi="0" ci="1" mb="0" cb="0"/><line nr="54" mi="0" ci="51" mb="0" cb="0"/><line nr="60" mi="0" ci="6" mb="0" cb="0"/><counter type="INSTRUCTION" missed="0" covered="159"/><counter type="BRANCH" missed="0" covered="12"/><counter type="LINE" missed="0" covered="25"/><counter type="COMPLEXITY" missed="0" covered="14"/><counter type="METHOD" missed="0" covered="8"/><counter type="CLASS" missed="0" covered="1"/></sourcefile><counter type="INSTRUCTION" missed="3" covered="518"/><counter type="BRANCH" missed="4" covered="38"/><counter type="LINE" missed="1" covered="95"/><counter type="COMPLEXITY" missed="4" covered="49"/><counter type="METHOD" missed="0" covered="32"/><counter type="CLASS" missed="0" covered="5"/></package><counter type="INSTRUCTION" missed="3" covered="518"/><counter type="BRANCH" missed="4" covered="38"/><counter type="LINE" missed="1" covered="95"/><counter type="COMPLEXITY" missed="4" covered="49"/><counter type="METHOD" missed="0" covered="32"/><counter type="CLASS" missed="0" covered="5"/></report>