<?xml version="1.0" encoding="UTF-8"?>
<testsuite xmlns:xsi="http://www.w3.org/2001/XMLSchema-instance" xsi:noNamespaceSchemaLocation="https://maven.apache.org/surefire/maven-surefire-plugin/xsd/surefire-test-report-3.0.xsd" version="3.0" name="aed.FuncionesTest" time="0.083" tests="13" errors="0" skipped="0" failures="0">
  <properties>
[...]
</properties>
  <testcase name="testPar" classname="aed.FuncionesTest" time="0.041"/>
  <testcase name="testPrimo" classname="aed.FuncionesTest" time="0.001"/>
  <testcase name="testTienePrimo" classname="aed.FuncionesTest" time="0.001"/>
  <testcase name="testPrefijo" classname="aed.FuncionesTest" time="0"/>
  <testcase name="testBusqueda" classname="aed.FuncionesTest" time="0.002"/>
  <testcase name="testFactorialRecursivo" classname="aed.FuncionesTest" time="0"/>
  <testcase name="testTodosPares" classname="aed.FuncionesTest" time="0"/>
  <testcase name="testCuadrado" classname="aed.FuncionesTest" time="0.001"/>
  <testcase name="testFactorialIterativo" classname="aed.FuncionesTest" time="0.001"/>
  <testcase name="testDistancia" classname="aed.FuncionesTest" time="0.003"/>
  <testcase name="testSufijo" classname="aed.FuncionesTest" time="0.001"/>
  <testcase name="testBisiesto" classname="aed.FuncionesTest" time="0"/>
  <testcase name="testSumatoria" classname="aed.FuncionesTest" time="0"/>
</testsuite>